<?xml version="1.0" encoding="UTF-8"?>
<!-- Generated by org.testng.reporters.JUnitReportReporter -->
<testsuite hostname="BDC8-L-503133V" name="com.disney.alm.test.ALMTest" tests="1" failures="0" timestamp="14 Mar 2017 14:06:09 GMT" time="21.274" errors="0">
  <testcase name="soapUITestService" time="21.274" classname="com.disney.alm.test.ALMTest"/>
</testsuite> <!-- com.disney.alm.test.ALMTest -->
